\BOOKMARK [0][-]{chapter.1}{\376\377\000P\000y\000t\000h\000o\000n\000\040\000B\000a\000s\000i\000c\000s}{}% 1
\BOOKMARK [1][-]{section.1.1}{\376\377\000I\000n\000s\000t\000a\000l\000l\000a\000t\000i\000o\000n}{chapter.1}% 2
\BOOKMARK [1][-]{section.1.2}{\376\377\000P\000y\000t\000h\000o\000n\000\040\000I\000D\000E\000s}{chapter.1}% 3
\BOOKMARK [1][-]{section.1.3}{\376\377\000D\000a\000t\000a\000\040\000T\000y\000p\000e\000s\000\040\000i\000n\000\040\000P\000y\000t\000h\000o\000n}{chapter.1}% 4
\BOOKMARK [2][-]{subsection.1.3.1}{\376\377\000I\000n\000t\000e\000g\000e\000r\000s}{section.1.3}% 5
\BOOKMARK [2][-]{subsection.1.3.2}{\376\377\000F\000l\000o\000a\000t\000s}{section.1.3}% 6
\BOOKMARK [2][-]{subsection.1.3.3}{\376\377\000S\000t\000r\000i\000n\000g\000s}{section.1.3}% 7
\BOOKMARK [2][-]{subsection.1.3.4}{\376\377\000B\000o\000o\000l\000e\000a\000n\000\040\000T\000y\000p\000e}{section.1.3}% 8
\BOOKMARK [2][-]{subsection.1.3.5}{\376\377\000L\000i\000s\000t\000s\000\040\000a\000n\000d\000\040\000T\000u\000p\000l\000e}{section.1.3}% 9
\BOOKMARK [2][-]{subsection.1.3.6}{\376\377\000D\000i\000c\000t\000i\000o\000n\000a\000r\000y}{section.1.3}% 10
\BOOKMARK [0][-]{chapter.2}{\376\377\000N\000u\000m\000e\000r\000i\000c\000a\000l}{}% 11
\BOOKMARK [1][-]{section.2.1}{\376\377\000A\000r\000r\000a\000y\000s}{chapter.2}% 12
\BOOKMARK [2][-]{subsection.2.1.1}{\376\377\000G\000e\000t\000t\000i\000n\000g\000\040\000I\000n\000t\000o\000\040\000S\000h\000a\000p\000e\000:\000\040\000A\000r\000r\000a\000y\000\040\000S\000h\000a\000p\000e\000s\000\040\000a\000n\000d\000\040\000A\000x\000e\000s}{section.2.1}% 13
\BOOKMARK [2][-]{subsection.2.1.2}{\376\377\000D\000a\000t\000a\000\040\000S\000c\000i\000e\000n\000c\000e\000\040\000O\000p\000e\000r\000a\000t\000i\000o\000n\000s\000:\000\040\000F\000i\000l\000t\000e\000r\000,\000\040\000O\000r\000d\000e\000r\000,\000\040\000A\000g\000g\000r\000e\000g\000a\000t\000e}{section.2.1}% 14
\BOOKMARK [1][-]{section.2.2}{\376\377\000N\000u\000m\000p\000y}{chapter.2}% 15
\BOOKMARK [2][-]{subsection.2.2.1}{\376\377\000F\000u\000n\000c\000t\000i\000o\000n\000s}{section.2.2}% 16
\BOOKMARK [2][-]{subsection.2.2.2}{\376\377\000L\000i\000n\000e\000a\000r\000\040\000a\000l\000g\000e\000b\000r\000a}{section.2.2}% 17
\BOOKMARK [0][-]{chapter.3}{\376\377\000V\000i\000s\000u\000a\000l\000i\000z\000a\000t\000i\000o\000n}{}% 18
\BOOKMARK [0][-]{chapter.4}{\376\377\000B\000a\000s\000i\000c\000\040\000M\000a\000t\000h\000e\000m\000a\000t\000i\000c\000\040\000O\000p\000e\000r\000a\000t\000i\000o\000n}{}% 19
\BOOKMARK [1][-]{section.4.1}{\376\377\000D\000i\000s\000c\000r\000e\000t\000i\000z\000a\000t\000i\000o\000n}{chapter.4}% 20
\BOOKMARK [1][-]{section.4.2}{\376\377\000D\000i\000f\000f\000e\000r\000e\000n\000t\000i\000a\000t\000i\000o\000n}{chapter.4}% 21
\BOOKMARK [2][-]{subsection.4.2.1}{\376\377\000H\000a\000n\000d\000s\000-\000O\000n}{section.4.2}% 22
\BOOKMARK [1][-]{section.4.3}{\376\377\000N\000u\000m\000e\000r\000i\000c\000a\000l\000\040\000q\000u\000a\000d\000r\000a\000t\000u\000r\000e}{chapter.4}% 23
\BOOKMARK [1][-]{section.4.4}{\376\377\000F\000i\000n\000d\000i\000n\000g\000\040\000r\000o\000o\000t\000s}{chapter.4}% 24
\BOOKMARK [0][-]{chapter.5}{\376\377\000E\000r\000r\000o\000r\000s}{}% 25
\BOOKMARK [1][-]{section.5.1}{\376\377\000T\000y\000p\000e\000s\000\040\000o\000f\000\040\000E\000r\000r\000o\000r\000s}{chapter.5}% 26
\BOOKMARK [1][-]{section.5.2}{\376\377\000R\000o\000u\000n\000d\000-\000o\373\000\000\040\000E\000r\000r\000o\000r\000s}{chapter.5}% 27
\BOOKMARK [1][-]{section.5.3}{\376\377\000N\000u\000m\000e\000r\000i\000c\000a\000l\000\040\000R\000e\000c\000u\000r\000s\000i\000o\000n}{chapter.5}% 28
\BOOKMARK [1][-]{section.5.4}{\376\377\000E\000r\000r\000o\000r\000\040\000A\000s\000s\000e\000s\000s\000m\000e\000n\000t}{chapter.5}% 29
\BOOKMARK [0][-]{chapter.6}{\376\377\000I\000n\000t\000e\000g\000r\000a\000t\000i\000o\000n}{}% 30
\BOOKMARK [0][-]{chapter.7}{\376\377\000D\000e\000r\000i\000v\000a\000t\000i\000v\000e\000s}{}% 31
\BOOKMARK [0][-]{chapter.8}{\376\377\000M\000a\000t\000r\000i\000c\000e\000s}{}% 32
\BOOKMARK [0][-]{chapter.9}{\376\377\000D\000a\000t\000a\000\040\000F\000i\000t\000t\000i\000n\000g}{}% 33
\BOOKMARK [0][-]{chapter.10}{\376\377\000O\000r\000d\000i\000n\000a\000r\000y\000\040\000d\000i\000f\000f\000e\000r\000e\000n\000t\000i\000a\000l\000\040\000e\000q\000u\000a\000t\000i\000o\000n}{}% 34
\BOOKMARK [1][-]{section.10.1}{\376\377\000N\000u\000m\000e\000r\000o\000v\000\040\000A\000l\000g\000o\000r\000i\000t\000h\000m\000\040\000f\000o\000r\000\040\000S\000c\000h\000r\000\366\000d\000i\000n\000g\000e\000r\000\040\000O\000D\000E}{chapter.10}% 35
\BOOKMARK [0][-]{chapter.11}{\376\377\000P\000r\000o\000j\000e\000c\000t\000s}{}% 36
\BOOKMARK [0][-]{chapter.12}{\376\377\000I\000n\000d\000i\000c\000e\000s\000\040\000a\000n\000d\000\040\000t\000a\000b\000l\000e\000s}{}% 37
