\BOOKMARK [0][-]{chapter.1}{\376\377\000I\000n\000t\000r\000o\000d\000u\000c\000t\000i\000o\000n}{}% 1
\BOOKMARK [1][-]{section.1.1}{\376\377\000T\000y\000p\000e\000s\000\040\000o\000f\000\040\000M\000L}{chapter.1}% 2
\BOOKMARK [1][-]{section.1.2}{\376\377\000S\000u\000p\000e\000r\000v\000i\000s\000e\000d\000\040\000L\000e\000a\000r\000n\000i\000n\000g}{chapter.1}% 3
\BOOKMARK [2][-]{subsection.1.2.1}{\376\377\000R\000e\000g\000r\000e\000s\000s\000i\000o\000n\000\040\000\050\000c\000o\000n\000t\000i\000n\000u\000o\000u\000s\000\040\000o\000u\000t\000c\000o\000m\000e\000s\000\051}{section.1.2}% 4
\BOOKMARK [1][-]{section.1.3}{\376\377\000R\000e\000i\000n\000f\000o\000r\000c\000e\000m\000e\000n\000t\000\040\000l\000e\000a\000r\000n\000i\000n\000g}{chapter.1}% 5
\BOOKMARK [1][-]{section.1.4}{\376\377\000U\000n\000s\000u\000p\000e\000r\000v\000i\000s\000e\000d\000\040\000l\000e\000a\000r\000n\000i\000n\000g}{chapter.1}% 6
\BOOKMARK [1][-]{section.1.5}{\376\377\000D\000i\000m\000e\000n\000s\000i\000o\000n\000a\000l\000i\000t\000y\000\040\000r\000e\000d\000u\000c\000t\000i\000o\000n}{chapter.1}% 7
\BOOKMARK [1][-]{section.1.6}{\376\377\000M\000L\000\040\000R\000o\000a\000d\000m\000a\000p}{chapter.1}% 8
\BOOKMARK [0][-]{chapter.2}{\376\377\000P\000e\000r\000c\000e\000p\000t\000r\000o\000n}{}% 9
\BOOKMARK [1][-]{section.2.1}{\376\377\000B\000a\000s\000i\000c\000\040\000c\000o\000c\000e\000p\000t\000s}{chapter.2}% 10
\BOOKMARK [2][-]{subsection.2.1.1}{\376\377\000P\000e\000r\000c\000e\000p\000t\000r\000o\000n\000\040\000A\000l\000g\000o\000r\000i\000t\000h\000m}{section.2.1}% 11
\BOOKMARK [3][-]{subsubsection*.3}{\376\377\000H\000a\000n\000d\000s\000-\000o\000n}{subsection.2.1.1}% 12
\BOOKMARK [1][-]{section.2.2}{\376\377\000S\000c\000i\000k\000i\000t\000-\000l\000e\000a\000r\000n\000\040\000p\000e\000r\000c\000e\000p\000t\000r\000o\000n}{chapter.2}% 13
\BOOKMARK [0][-]{chapter.3}{\376\377\000C\000l\000a\000s\000s\000i\000f\000i\000c\000a\000t\000i\000o\000n}{}% 14
\BOOKMARK [0][-]{chapter.4}{\376\377\000R\000e\000g\000r\000e\000s\000s\000i\000o\000n\000\040\000A\000n\000a\000l\000y\000s\000i\000s\000\040\000i\000n\000\040\000M\000L}{}% 15
\BOOKMARK [1][-]{section.4.1}{\376\377\000B\000a\000s\000i\000c\000\040\000t\000e\000r\000m\000i\000n\000o\000l\000o\000g\000y}{chapter.4}% 16
\BOOKMARK [1][-]{section.4.2}{\376\377\000T\000y\000p\000e\000s\000\040\000o\000f\000\040\000r\000e\000g\000r\000e\000s\000s\000i\000o\000n}{chapter.4}% 17
\BOOKMARK [2][-]{subsection.4.2.1}{\376\377\000L\000i\000n\000e\000a\000r\000\040\000r\000e\000g\000r\000e\000s\000s\000i\000o\000n}{section.4.2}% 18
\BOOKMARK [2][-]{subsection.4.2.2}{\376\377\000P\000o\000l\000y\000n\000o\000m\000i\000a\000l\000\040\000R\000e\000g\000r\000e\000s\000s\000i\000o\000n}{section.4.2}% 19
\BOOKMARK [2][-]{subsection.4.2.3}{\376\377\000L\000o\000g\000i\000s\000t\000i\000c\000\040\000R\000e\000g\000r\000e\000s\000s\000i\000o\000n}{section.4.2}% 20
\BOOKMARK [2][-]{subsection.4.2.4}{\376\377\000S\000u\000p\000p\000o\000r\000t\000\040\000V\000e\000c\000t\000o\000r\000\040\000R\000e\000g\000r\000e\000s\000s\000i\000o\000n}{section.4.2}% 21
\BOOKMARK [2][-]{subsection.4.2.5}{\376\377\000D\000e\000c\000i\000s\000i\000o\000n\000\040\000T\000r\000e\000e\000\040\000R\000e\000g\000r\000e\000s\000s\000i\000o\000n}{section.4.2}% 22
\BOOKMARK [0][-]{chapter.5}{\376\377\000D\000a\000t\000a\000\040\000P\000r\000e\000p\000r\000o\000c\000e\000s\000s\000i\000n\000g}{}% 23
\BOOKMARK [0][-]{chapter.6}{\376\377\000N\000e\000u\000r\000a\000l\000\040\000N\000e\000t\000w\000o\000r\000k}{}% 24
\BOOKMARK [0][-]{chapter.7}{\376\377\000I\000n\000d\000i\000c\000e\000s\000\040\000a\000n\000d\000\040\000t\000a\000b\000l\000e\000s}{}% 25
